<?xml version="1.0" encoding="UTF-8"?>
<!-- Generated by org.testng.reporters.JUnitXMLReporter -->
<testsuite ignored="0" hostname="DESKTOP-358CG06" failures="0" tests="6" name="Wikipedia Web Tests" time="46.243" errors="0" timestamp="2025-12-19T01:18:35 MSK">
  <testcase classname="com.automation.web.tests.WikipediaWebTests" name="testMainPageTitle" time="0.048"/>
  <testcase classname="com.automation.web.tests.WikipediaWebTests" name="testSearchFunctionality" time="0.785"/>
  <testcase classname="com.automation.web.tests.WikipediaWebTests" name="testNavigationElements" time="1.095"/>
  <testcase classname="com.automation.web.tests.WikipediaWebTests" name="testArticleLinksFromSearch" time="41.017"/>
  <testcase classname="com.automation.web.tests.WikipediaWebTests" name="testLanguageSwitcher" time="0.256"/>
  <testcase classname="com.automation.web.tests.WikipediaWebTests" name="testGoToMainPageLink" time="0.843"/>
</testsuite> <!-- Wikipedia Web Tests -->
